<?xml version="1.0" encoding="UTF-8"?>
<testng-results total="1" passed="1" failed="0" skipped="0">
  <reporter-output>
  </reporter-output>
  <suite started-at="2024-11-05T09:32:47Z" name="Suite" finished-at="2024-11-05T09:33:04Z" duration-ms="16579">
    <groups>
    </groups>
    <test started-at="2024-11-05T09:32:47Z" name="Test" finished-at="2024-11-05T09:33:04Z" duration-ms="16579">
      <class name="Googlesample.SampleGoogle">
        <test-method is-config="true" signature="beforeTest()[pri:0, instance:Googlesample.SampleGoogle@55040f2f]" started-at="2024-11-05T15:02:47Z" name="beforeTest" finished-at="2024-11-05T15:02:55Z" duration-ms="8130" status="PASS">
          <reporter-output>
          </reporter-output>
        </test-method> <!-- beforeTest -->
        <test-method signature="f()[pri:0, instance:Googlesample.SampleGoogle@55040f2f]" started-at="2024-11-05T15:02:55Z" name="f" finished-at="2024-11-05T15:03:03Z" duration-ms="7707" status="PASS">
          <reporter-output>
          </reporter-output>
        </test-method> <!-- f -->
        <test-method is-config="true" signature="afterTest()[pri:0, instance:Googlesample.SampleGoogle@55040f2f]" started-at="2024-11-05T15:03:03Z" name="afterTest" finished-at="2024-11-05T15:03:04Z" duration-ms="611" status="PASS">
          <reporter-output>
          </reporter-output>
        </test-method> <!-- afterTest -->
      </class> <!-- Googlesample.SampleGoogle -->
    </test> <!-- Test -->
  </suite> <!-- Suite -->
</testng-results>
